{"D:\\Projetos\\Git\\fiap-project\\src\\app.js": {"path":"D:\\Projetos\\Git\\fiap-project\\src\\app.js","statementMap":{"0":{"start":{"line":1,"column":16},"end":{"line":1,"column":34}},"1":{"start":{"line":2,"column":13},"end":{"line":2,"column":28}},"2":{"start":{"line":3,"column":15},"end":{"line":3,"column":48}},"3":{"start":{"line":5,"column":12},"end":{"line":5,"column":21}},"4":{"start":{"line":6,"column":0},"end":{"line":6,"column":16}},"5":{"start":{"line":7,"column":0},"end":{"line":7,"column":24}},"6":{"start":{"line":8,"column":0},"end":{"line":8,"column":16}},"7":{"start":{"line":10,"column":0},"end":{"line":10,"column":21}}},"fnMap":{},"branchMap":{},"s":{"0":1,"1":1,"2":1,"3":1,"4":1,"5":1,"6":1,"7":1},"f":{},"b":{},"_coverageSchema":"1a1c01bbd47fc00a2c39e90264f33305004495a9","hash":"8985bbf94c0be34335ed51ab10e41a658ea03e74"}
,"D:\\Projetos\\Git\\fiap-project\\src\\server.js": {"path":"D:\\Projetos\\Git\\fiap-project\\src\\server.js","statementMap":{"0":{"start":{"line":1,"column":12},"end":{"line":1,"column":28}},"1":{"start":{"line":3,"column":15},"end":{"line":3,"column":45}},"2":{"start":{"line":4,"column":13},"end":{"line":4,"column":24}},"3":{"start":{"line":6,"column":0},"end":{"line":12,"column":5}},"4":{"start":{"line":8,"column":4},"end":{"line":8,"column":53}},"5":{"start":{"line":11,"column":4},"end":{"line":11,"column":55}}},"fnMap":{"0":{"name":"(anonymous_0)","decl":{"start":{"line":7,"column":16},"end":{"line":7,"column":17}},"loc":{"start":{"line":7,"column":22},"end":{"line":9,"column":3}},"line":7},"1":{"name":"(anonymous_1)","decl":{"start":{"line":10,"column":15},"end":{"line":10,"column":16}},"loc":{"start":{"line":10,"column":24},"end":{"line":12,"column":3}},"line":10}},"branchMap":{},"s":{"0":0,"1":0,"2":0,"3":0,"4":0,"5":0},"f":{"0":0,"1":0},"b":{}}
,"D:\\Projetos\\Git\\fiap-project\\src\\Controllers\\postController.js": {"path":"D:\\Projetos\\Git\\fiap-project\\src\\Controllers\\postController.js","statementMap":{"0":{"start":{"line":1,"column":18},"end":{"line":1,"column":51}},"1":{"start":{"line":2,"column":18},"end":{"line":2,"column":38}},"2":{"start":{"line":4,"column":0},"end":{"line":28,"column":2}},"3":{"start":{"line":5,"column":15},"end":{"line":5,"column":16}},"4":{"start":{"line":6,"column":16},"end":{"line":6,"column":18}},"5":{"start":{"line":8,"column":17},"end":{"line":8,"column":35}},"6":{"start":{"line":10,"column":2},"end":{"line":27,"column":3}},"7":{"start":{"line":11,"column":28},"end":{"line":15,"column":6}},"8":{"start":{"line":17,"column":23},"end":{"line":17,"column":47}},"9":{"start":{"line":19,"column":4},"end":{"line":24,"column":7}},"10":{"start":{"line":26,"column":4},"end":{"line":26,"column":51}},"11":{"start":{"line":30,"column":0},"end":{"line":39,"column":2}},"12":{"start":{"line":31,"column":2},"end":{"line":38,"column":3}},"13":{"start":{"line":32,"column":18},"end":{"line":34,"column":6}},"14":{"start":{"line":35,"column":4},"end":{"line":35,"column":36}},"15":{"start":{"line":37,"column":4},"end":{"line":37,"column":51}},"16":{"start":{"line":41,"column":0},"end":{"line":49,"column":2}},"17":{"start":{"line":42,"column":34},"end":{"line":42,"column":42}},"18":{"start":{"line":43,"column":2},"end":{"line":48,"column":3}},"19":{"start":{"line":44,"column":17},"end":{"line":44,"column":64}},"20":{"start":{"line":45,"column":4},"end":{"line":45,"column":71}},"21":{"start":{"line":47,"column":4},"end":{"line":47,"column":51}},"22":{"start":{"line":51,"column":0},"end":{"line":69,"column":2}},"23":{"start":{"line":52,"column":17},"end":{"line":52,"column":27}},"24":{"start":{"line":53,"column":2},"end":{"line":55,"column":3}},"25":{"start":{"line":54,"column":4},"end":{"line":54,"column":72}},"26":{"start":{"line":58,"column":15},"end":{"line":58,"column":43}},"27":{"start":{"line":59,"column":2},"end":{"line":61,"column":3}},"28":{"start":{"line":60,"column":4},"end":{"line":60,"column":68}},"29":{"start":{"line":63,"column":2},"end":{"line":68,"column":3}},"30":{"start":{"line":64,"column":4},"end":{"line":64,"column":47}},"31":{"start":{"line":65,"column":4},"end":{"line":65,"column":67}},"32":{"start":{"line":67,"column":4},"end":{"line":67,"column":51}},"33":{"start":{"line":71,"column":0},"end":{"line":94,"column":2}},"34":{"start":{"line":72,"column":17},"end":{"line":72,"column":27}},"35":{"start":{"line":73,"column":34},"end":{"line":73,"column":42}},"36":{"start":{"line":76,"column":21},"end":{"line":76,"column":23}},"37":{"start":{"line":77,"column":2},"end":{"line":77,"column":52}},"38":{"start":{"line":77,"column":27},"end":{"line":77,"column":52}},"39":{"start":{"line":78,"column":2},"end":{"line":78,"column":49}},"40":{"start":{"line":78,"column":26},"end":{"line":78,"column":49}},"41":{"start":{"line":79,"column":2},"end":{"line":79,"column":55}},"42":{"start":{"line":79,"column":28},"end":{"line":79,"column":55}},"43":{"start":{"line":81,"column":2},"end":{"line":93,"column":3}},"44":{"start":{"line":83,"column":17},"end":{"line":83,"column":45}},"45":{"start":{"line":84,"column":4},"end":{"line":86,"column":5}},"46":{"start":{"line":85,"column":6},"end":{"line":85,"column":70}},"47":{"start":{"line":89,"column":4},"end":{"line":89,"column":34}},"48":{"start":{"line":90,"column":4},"end":{"line":90,"column":75}},"49":{"start":{"line":92,"column":4},"end":{"line":92,"column":51}},"50":{"start":{"line":96,"column":0},"end":{"line":108,"column":2}},"51":{"start":{"line":97,"column":17},"end":{"line":97,"column":27}},"52":{"start":{"line":99,"column":2},"end":{"line":107,"column":3}},"53":{"start":{"line":100,"column":17},"end":{"line":100,"column":45}},"54":{"start":{"line":101,"column":4},"end":{"line":103,"column":5}},"55":{"start":{"line":102,"column":6},"end":{"line":102,"column":70}},"56":{"start":{"line":104,"column":4},"end":{"line":104,"column":35}},"57":{"start":{"line":106,"column":4},"end":{"line":106,"column":51}},"58":{"start":{"line":110,"column":0},"end":{"line":125,"column":2}},"59":{"start":{"line":111,"column":20},"end":{"line":111,"column":28}},"60":{"start":{"line":112,"column":2},"end":{"line":124,"column":3}},"61":{"start":{"line":113,"column":18},"end":{"line":120,"column":6}},"62":{"start":{"line":121,"column":4},"end":{"line":121,"column":36}},"63":{"start":{"line":123,"column":4},"end":{"line":123,"column":51}}},"fnMap":{"0":{"name":"(anonymous_0)","decl":{"start":{"line":4,"column":26},"end":{"line":4,"column":27}},"loc":{"start":{"line":4,"column":46},"end":{"line":28,"column":1}},"line":4},"1":{"name":"(anonymous_1)","decl":{"start":{"line":30,"column":31},"end":{"line":30,"column":32}},"loc":{"start":{"line":30,"column":51},"end":{"line":39,"column":1}},"line":30},"2":{"name":"(anonymous_2)","decl":{"start":{"line":41,"column":28},"end":{"line":41,"column":29}},"loc":{"start":{"line":41,"column":48},"end":{"line":49,"column":1}},"line":41},"3":{"name":"(anonymous_3)","decl":{"start":{"line":51,"column":28},"end":{"line":51,"column":29}},"loc":{"start":{"line":51,"column":48},"end":{"line":69,"column":1}},"line":51},"4":{"name":"(anonymous_4)","decl":{"start":{"line":71,"column":28},"end":{"line":71,"column":29}},"loc":{"start":{"line":71,"column":48},"end":{"line":94,"column":1}},"line":71},"5":{"name":"(anonymous_5)","decl":{"start":{"line":96,"column":29},"end":{"line":96,"column":30}},"loc":{"start":{"line":96,"column":49},"end":{"line":108,"column":1}},"line":96},"6":{"name":"(anonymous_6)","decl":{"start":{"line":110,"column":35},"end":{"line":110,"column":36}},"loc":{"start":{"line":110,"column":55},"end":{"line":125,"column":1}},"line":110}},"branchMap":{"0":{"loc":{"start":{"line":53,"column":2},"end":{"line":55,"column":3}},"type":"if","locations":[{"start":{"line":53,"column":2},"end":{"line":55,"column":3}},{"start":{},"end":{}}],"line":53},"1":{"loc":{"start":{"line":59,"column":2},"end":{"line":61,"column":3}},"type":"if","locations":[{"start":{"line":59,"column":2},"end":{"line":61,"column":3}},{"start":{},"end":{}}],"line":59},"2":{"loc":{"start":{"line":77,"column":2},"end":{"line":77,"column":52}},"type":"if","locations":[{"start":{"line":77,"column":2},"end":{"line":77,"column":52}},{"start":{},"end":{}}],"line":77},"3":{"loc":{"start":{"line":78,"column":2},"end":{"line":78,"column":49}},"type":"if","locations":[{"start":{"line":78,"column":2},"end":{"line":78,"column":49}},{"start":{},"end":{}}],"line":78},"4":{"loc":{"start":{"line":79,"column":2},"end":{"line":79,"column":55}},"type":"if","locations":[{"start":{"line":79,"column":2},"end":{"line":79,"column":55}},{"start":{},"end":{}}],"line":79},"5":{"loc":{"start":{"line":84,"column":4},"end":{"line":86,"column":5}},"type":"if","locations":[{"start":{"line":84,"column":4},"end":{"line":86,"column":5}},{"start":{},"end":{}}],"line":84},"6":{"loc":{"start":{"line":101,"column":4},"end":{"line":103,"column":5}},"type":"if","locations":[{"start":{"line":101,"column":4},"end":{"line":103,"column":5}},{"start":{},"end":{}}],"line":101}},"s":{"0":1,"1":1,"2":1,"3":2,"4":2,"5":2,"6":2,"7":2,"8":1,"9":1,"10":1,"11":1,"12":2,"13":2,"14":1,"15":1,"16":1,"17":2,"18":2,"19":2,"20":1,"21":1,"22":1,"23":2,"24":2,"25":0,"26":2,"27":2,"28":0,"29":2,"30":2,"31":1,"32":1,"33":1,"34":2,"35":2,"36":2,"37":2,"38":2,"39":2,"40":2,"41":2,"42":2,"43":2,"44":2,"45":2,"46":0,"47":2,"48":1,"49":1,"50":1,"51":3,"52":3,"53":3,"54":2,"55":1,"56":1,"57":1,"58":1,"59":0,"60":0,"61":0,"62":0,"63":0},"f":{"0":2,"1":2,"2":2,"3":2,"4":2,"5":3,"6":0},"b":{"0":[0,2],"1":[0,2],"2":[2,0],"3":[2,0],"4":[2,0],"5":[0,2],"6":[1,1]},"_coverageSchema":"1a1c01bbd47fc00a2c39e90264f33305004495a9","hash":"8521bead57231b7070586130e4f6a2556facce0c"}
,"D:\\Projetos\\Git\\fiap-project\\src\\Middlewares\\postMiddleware.js": {"path":"D:\\Projetos\\Git\\fiap-project\\src\\Middlewares\\postMiddleware.js","statementMap":{"0":{"start":{"line":1,"column":18},"end":{"line":1,"column":51}},"1":{"start":{"line":2,"column":0},"end":{"line":17,"column":2}},"2":{"start":{"line":3,"column":26},"end":{"line":3,"column":34}},"3":{"start":{"line":5,"column":2},"end":{"line":9,"column":3}},"4":{"start":{"line":6,"column":4},"end":{"line":8,"column":68}},"5":{"start":{"line":10,"column":2},"end":{"line":15,"column":3}},"6":{"start":{"line":11,"column":4},"end":{"line":14,"column":7}},"7":{"start":{"line":16,"column":2},"end":{"line":16,"column":9}},"8":{"start":{"line":19,"column":0},"end":{"line":31,"column":2}},"9":{"start":{"line":20,"column":17},"end":{"line":20,"column":27}},"10":{"start":{"line":21,"column":2},"end":{"line":23,"column":3}},"11":{"start":{"line":22,"column":4},"end":{"line":22,"column":72}},"12":{"start":{"line":26,"column":15},"end":{"line":26,"column":43}},"13":{"start":{"line":27,"column":2},"end":{"line":29,"column":3}},"14":{"start":{"line":28,"column":4},"end":{"line":28,"column":69}},"15":{"start":{"line":30,"column":2},"end":{"line":30,"column":9}},"16":{"start":{"line":33,"column":0},"end":{"line":59,"column":2}},"17":{"start":{"line":34,"column":17},"end":{"line":34,"column":27}},"18":{"start":{"line":35,"column":2},"end":{"line":37,"column":3}},"19":{"start":{"line":36,"column":4},"end":{"line":36,"column":72}},"20":{"start":{"line":39,"column":15},"end":{"line":39,"column":43}},"21":{"start":{"line":40,"column":2},"end":{"line":42,"column":3}},"22":{"start":{"line":41,"column":4},"end":{"line":41,"column":69}},"23":{"start":{"line":44,"column":2},"end":{"line":52,"column":3}},"24":{"start":{"line":49,"column":4},"end":{"line":51,"column":7}},"25":{"start":{"line":55,"column":2},"end":{"line":57,"column":3}},"26":{"start":{"line":56,"column":4},"end":{"line":56,"column":76}},"27":{"start":{"line":58,"column":2},"end":{"line":58,"column":9}},"28":{"start":{"line":61,"column":0},"end":{"line":67,"column":2}},"29":{"start":{"line":62,"column":17},"end":{"line":62,"column":27}},"30":{"start":{"line":63,"column":2},"end":{"line":65,"column":3}},"31":{"start":{"line":64,"column":4},"end":{"line":64,"column":72}},"32":{"start":{"line":66,"column":2},"end":{"line":66,"column":9}}},"fnMap":{"0":{"name":"(anonymous_0)","decl":{"start":{"line":2,"column":28},"end":{"line":2,"column":29}},"loc":{"start":{"line":2,"column":54},"end":{"line":17,"column":1}},"line":2},"1":{"name":"(anonymous_1)","decl":{"start":{"line":19,"column":28},"end":{"line":19,"column":29}},"loc":{"start":{"line":19,"column":54},"end":{"line":31,"column":1}},"line":19},"2":{"name":"(anonymous_2)","decl":{"start":{"line":33,"column":28},"end":{"line":33,"column":29}},"loc":{"start":{"line":33,"column":54},"end":{"line":59,"column":1}},"line":33},"3":{"name":"(anonymous_3)","decl":{"start":{"line":61,"column":30},"end":{"line":61,"column":31}},"loc":{"start":{"line":61,"column":56},"end":{"line":67,"column":1}},"line":61}},"branchMap":{"0":{"loc":{"start":{"line":5,"column":2},"end":{"line":9,"column":3}},"type":"if","locations":[{"start":{"line":5,"column":2},"end":{"line":9,"column":3}},{"start":{},"end":{}}],"line":5},"1":{"loc":{"start":{"line":5,"column":6},"end":{"line":5,"column":21}},"type":"binary-expr","locations":[{"start":{"line":5,"column":6},"end":{"line":5,"column":12}},{"start":{"line":5,"column":16},"end":{"line":5,"column":21}}],"line":5},"2":{"loc":{"start":{"line":10,"column":2},"end":{"line":15,"column":3}},"type":"if","locations":[{"start":{"line":10,"column":2},"end":{"line":15,"column":3}},{"start":{},"end":{}}],"line":10},"3":{"loc":{"start":{"line":10,"column":6},"end":{"line":10,"column":46}},"type":"binary-expr","locations":[{"start":{"line":10,"column":6},"end":{"line":10,"column":24}},{"start":{"line":10,"column":28},"end":{"line":10,"column":46}}],"line":10},"4":{"loc":{"start":{"line":21,"column":2},"end":{"line":23,"column":3}},"type":"if","locations":[{"start":{"line":21,"column":2},"end":{"line":23,"column":3}},{"start":{},"end":{}}],"line":21},"5":{"loc":{"start":{"line":27,"column":2},"end":{"line":29,"column":3}},"type":"if","locations":[{"start":{"line":27,"column":2},"end":{"line":29,"column":3}},{"start":{},"end":{}}],"line":27},"6":{"loc":{"start":{"line":35,"column":2},"end":{"line":37,"column":3}},"type":"if","locations":[{"start":{"line":35,"column":2},"end":{"line":37,"column":3}},{"start":{},"end":{}}],"line":35},"7":{"loc":{"start":{"line":40,"column":2},"end":{"line":42,"column":3}},"type":"if","locations":[{"start":{"line":40,"column":2},"end":{"line":42,"column":3}},{"start":{},"end":{}}],"line":40},"8":{"loc":{"start":{"line":44,"column":2},"end":{"line":52,"column":3}},"type":"if","locations":[{"start":{"line":44,"column":2},"end":{"line":52,"column":3}},{"start":{},"end":{}}],"line":44},"9":{"loc":{"start":{"line":45,"column":4},"end":{"line":47,"column":33}},"type":"binary-expr","locations":[{"start":{"line":45,"column":4},"end":{"line":45,"column":32}},{"start":{"line":46,"column":4},"end":{"line":46,"column":31}},{"start":{"line":47,"column":4},"end":{"line":47,"column":33}}],"line":45},"10":{"loc":{"start":{"line":55,"column":2},"end":{"line":57,"column":3}},"type":"if","locations":[{"start":{"line":55,"column":2},"end":{"line":57,"column":3}},{"start":{},"end":{}}],"line":55},"11":{"loc":{"start":{"line":55,"column":6},"end":{"line":55,"column":61}},"type":"binary-expr","locations":[{"start":{"line":55,"column":6},"end":{"line":55,"column":21}},{"start":{"line":55,"column":25},"end":{"line":55,"column":61}}],"line":55},"12":{"loc":{"start":{"line":63,"column":2},"end":{"line":65,"column":3}},"type":"if","locations":[{"start":{"line":63,"column":2},"end":{"line":65,"column":3}},{"start":{},"end":{}}],"line":63}},"s":{"0":1,"1":1,"2":4,"3":4,"4":1,"5":3,"6":1,"7":2,"8":1,"9":3,"10":3,"11":0,"12":3,"13":3,"14":1,"15":2,"16":1,"17":5,"18":5,"19":0,"20":5,"21":5,"22":1,"23":4,"24":1,"25":3,"26":1,"27":2,"28":1,"29":3,"30":3,"31":0,"32":3},"f":{"0":4,"1":3,"2":5,"3":3},"b":{"0":[1,3],"1":[4,4],"2":[1,2],"3":[3,2],"4":[0,3],"5":[1,2],"6":[0,5],"7":[1,4],"8":[1,3],"9":[4,2,2],"10":[1,2],"11":[3,2],"12":[0,3]},"_coverageSchema":"1a1c01bbd47fc00a2c39e90264f33305004495a9","hash":"858708b81d4e1e5ed23fd47e6df076058e42cb49"}
,"D:\\Projetos\\Git\\fiap-project\\src\\Routers\\postsRouters.js": {"path":"D:\\Projetos\\Git\\fiap-project\\src\\Routers\\postsRouters.js","statementMap":{"0":{"start":{"line":1,"column":16},"end":{"line":1,"column":34}},"1":{"start":{"line":2,"column":15},"end":{"line":2,"column":31}},"2":{"start":{"line":3,"column":23},"end":{"line":3,"column":63}},"3":{"start":{"line":4,"column":23},"end":{"line":4,"column":63}},"4":{"start":{"line":6,"column":0},"end":{"line":6,"column":57}},"5":{"start":{"line":7,"column":0},"end":{"line":7,"column":46}},"6":{"start":{"line":10,"column":0},"end":{"line":10,"column":62}},"7":{"start":{"line":12,"column":0},"end":{"line":16,"column":2}},"8":{"start":{"line":18,"column":0},"end":{"line":18,"column":76}},"9":{"start":{"line":20,"column":0},"end":{"line":20,"column":79}},"10":{"start":{"line":22,"column":0},"end":{"line":26,"column":2}},"11":{"start":{"line":28,"column":0},"end":{"line":28,"column":24}}},"fnMap":{},"branchMap":{},"s":{"0":1,"1":1,"2":1,"3":1,"4":1,"5":1,"6":1,"7":1,"8":1,"9":1,"10":1,"11":1},"f":{},"b":{},"_coverageSchema":"1a1c01bbd47fc00a2c39e90264f33305004495a9","hash":"1f1b7edee4349e928fc0ee6cca4bcdcf2a0e69e0"}
}
