TN:
SF:src\app.js
FNF:0
FNH:0
DA:1,1
DA:2,1
DA:3,1
DA:4,1
DA:5,1
DA:7,1
DA:8,1
DA:9,1
DA:10,1
DA:11,1
DA:13,1
LF:11
LH:11
BRF:0
BRH:0
end_of_record
TN:
SF:src\Controllers\postController.js
FN:4,(anonymous_0)
FN:30,(anonymous_1)
FN:41,(anonymous_2)
FN:51,(anonymous_3)
FN:71,(anonymous_4)
FN:96,(anonymous_5)
FN:110,(anonymous_6)
FNF:7
FNH:6
FNDA:2,(anonymous_0)
FNDA:2,(anonymous_1)
FNDA:2,(anonymous_2)
FNDA:2,(anonymous_3)
FNDA:2,(anonymous_4)
FNDA:3,(anonymous_5)
FNDA:0,(anonymous_6)
DA:1,1
DA:2,1
DA:4,1
DA:5,2
DA:6,2
DA:8,2
DA:10,2
DA:11,2
DA:17,1
DA:19,1
DA:26,1
DA:30,1
DA:31,2
DA:32,2
DA:35,1
DA:37,1
DA:41,1
DA:42,2
DA:43,2
DA:44,2
DA:45,1
DA:47,1
DA:51,1
DA:52,2
DA:53,2
DA:54,0
DA:58,2
DA:59,2
DA:60,0
DA:63,2
DA:64,2
DA:65,1
DA:67,1
DA:71,1
DA:72,2
DA:73,2
DA:76,2
DA:77,2
DA:78,2
DA:79,2
DA:81,2
DA:83,2
DA:84,2
DA:85,0
DA:89,2
DA:90,1
DA:92,1
DA:96,1
DA:97,3
DA:99,3
DA:100,3
DA:101,2
DA:102,1
DA:104,1
DA:106,1
DA:110,1
DA:111,0
DA:112,0
DA:113,0
DA:121,0
DA:123,0
LF:61
LH:53
BRDA:53,0,0,0
BRDA:53,0,1,2
BRDA:59,1,0,0
BRDA:59,1,1,2
BRDA:77,2,0,2
BRDA:77,2,1,0
BRDA:78,3,0,2
BRDA:78,3,1,0
BRDA:79,4,0,2
BRDA:79,4,1,0
BRDA:84,5,0,0
BRDA:84,5,1,2
BRDA:101,6,0,1
BRDA:101,6,1,1
BRF:14
BRH:8
end_of_record
TN:
SF:src\Middlewares\postMiddleware.js
FN:2,(anonymous_0)
FN:19,(anonymous_1)
FN:33,(anonymous_2)
FN:61,(anonymous_3)
FNF:4
FNH:4
FNDA:4,(anonymous_0)
FNDA:3,(anonymous_1)
FNDA:5,(anonymous_2)
FNDA:3,(anonymous_3)
DA:1,1
DA:2,1
DA:3,4
DA:5,4
DA:6,1
DA:10,3
DA:11,1
DA:16,2
DA:19,1
DA:20,3
DA:21,3
DA:22,0
DA:26,3
DA:27,3
DA:28,1
DA:30,2
DA:33,1
DA:34,5
DA:35,5
DA:36,0
DA:39,5
DA:40,5
DA:41,1
DA:44,4
DA:49,1
DA:55,3
DA:56,1
DA:58,2
DA:61,1
DA:62,3
DA:63,3
DA:64,0
DA:66,3
LF:33
LH:30
BRDA:5,0,0,1
BRDA:5,0,1,3
BRDA:5,1,0,4
BRDA:5,1,1,4
BRDA:10,2,0,1
BRDA:10,2,1,2
BRDA:10,3,0,3
BRDA:10,3,1,2
BRDA:21,4,0,0
BRDA:21,4,1,3
BRDA:27,5,0,1
BRDA:27,5,1,2
BRDA:35,6,0,0
BRDA:35,6,1,5
BRDA:40,7,0,1
BRDA:40,7,1,4
BRDA:44,8,0,1
BRDA:44,8,1,3
BRDA:45,9,0,4
BRDA:45,9,1,2
BRDA:45,9,2,2
BRDA:55,10,0,1
BRDA:55,10,1,2
BRDA:55,11,0,3
BRDA:55,11,1,2
BRDA:63,12,0,0
BRDA:63,12,1,3
BRF:27
BRH:24
end_of_record
TN:
SF:src\Routers\postsRouters.js
FNF:0
FNH:0
DA:1,1
DA:2,1
DA:3,1
DA:4,1
DA:6,1
DA:7,1
DA:10,1
DA:12,1
DA:18,1
DA:20,1
DA:22,1
DA:28,1
LF:12
LH:12
BRF:0
BRH:0
end_of_record
